<?xml version="1.0" encoding="UTF-8"?>
<!-- Generated by org.testng.reporters.JUnitReportReporter -->
<testsuite skipped="0" hostname="DESKTOP-PB3FEPJ" name="RestAussuredLearning.SimplePostTest" tests="1" failures="0" timestamp="07 Nov 2020 20:11:42 GMT" time="6.864" errors="0">
  <testcase name="GetEmployeeDetails" time="6.864" classname="RestAussuredLearning.SimplePostTest"/>
</testsuite> <!-- RestAussuredLearning.SimplePostTest -->
