<?xml version="1.0" encoding="UTF-8"?>
<!-- Generated by org.testng.reporters.JUnitReportReporter -->
<testsuite skipped="0" hostname="DESKTOP-PB3FEPJ" name="TestNG" tests="1" failures="0" timestamp="27 Sep 2020 17:34:54 GMT" time="17.761" errors="0">
  <testcase name="f" time="17.761" classname="TestNG"/>
</testsuite> <!-- TestNG -->
