<?xml version="1.0" encoding="UTF-8"?>
<!-- Generated by org.testng.reporters.JUnitReportReporter -->
<testsuite skipped="0" hostname="DESKTOP-PB3FEPJ" name="TestClasses.TestNG" tests="1" failures="0" timestamp="07 Nov 2020 20:04:15 GMT" time="20.440" errors="0">
  <testcase name="f" time="20.440" classname="TestClasses.TestNG"/>
</testsuite> <!-- TestClasses.TestNG -->
